[24/Feb/2026 07:00:58] "POST /api/add-expense/ HTTP/1.1" 200 28
[24/Feb/2026 07:00:58] "POST /api/get-expenses/ HTTP/1.1" 200 1902
[24/Feb/2026 07:06:25] "OPTIONS /api/get-expenses/ HTTP/1.1" 200 0
[24/Feb/2026 07:06:25] "POST /api/get-expenses/ HTTP/1.1" 200 1902
[24/Feb/2026 07:06:46] "POST /api/add-expense/ HTTP/1.1" 200 28
[24/Feb/2026 07:06:46] "POST /api/get-expenses/ HTTP/1.1" 200 2200
[24/Feb/2026 07:07:16] "OPTIONS /api/request-statement/ HTTP/1.1" 200 0
[24/Feb/2026 07:07:20] "POST /api/request-statement/ HTTP/1.1" 200 43
[24/Feb/2026 07:11:04] "POST /api/get-expenses/ HTTP/1.1" 200 2200
[24/Feb/2026 07:11:19] "OPTIONS /api/add-expense/ HTTP/1.1" 200 0
[24/Feb/2026 07:11:19] "POST /api/add-expense/ HTTP/1.1" 200 28
[24/Feb/2026 07:11:19] "POST /api/get-expenses/ HTTP/1.1" 200 2496
[24/Feb/2026 07:11:28] "POST /api/get-expenses/ HTTP/1.1" 200 2496
[24/Feb/2026 07:11:59] "POST /api/get-expenses/ HTTP/1.1" 200 2496
[24/Feb/2026 07:13:10] "OPTIONS /api/login/ HTTP/1.1" 200 0
[24/Feb/2026 07:13:10] "POST /api/login/ HTTP/1.1" 200 31
[24/Feb/2026 07:13:10] "POST /api/get-expenses/ HTTP/1.1" 200 2496
[24/Feb/2026 07:13:21] "POST /api/get-expenses/ HTTP/1.1" 200 2496
[24/Feb/2026 07:18:24] "OPTIONS /api/get-expenses/ HTTP/1.1" 200 0
[24/Feb/2026 07:18:24] "POST /api/get-expenses/ HTTP/1.1" 200 2496
[24/Feb/2026 07:18:29] "POST /api/get-expenses/ HTTP/1.1" 200 2496
[24/Feb/2026 07:18:40] "POST /api/add-expense/ HTTP/1.1" 200 28
[24/Feb/2026 07:18:40] "POST /api/get-expenses/ HTTP/1.1" 200 2807
[24/Feb/2026 07:18:47] "POST /api/get-expenses/ HTTP/1.1" 200 2807
[24/Feb/2026 07:42:26] "OPTIONS /api/login/ HTTP/1.1" 200 0
[24/Feb/2026 07:42:26] "POST /api/login/ HTTP/1.1" 200 31
[24/Feb/2026 07:42:26] "OPTIONS /api/get-expenses/ HTTP/1.1" 200 0
[24/Feb/2026 07:42:26] "POST /api/get-expenses/ HTTP/1.1" 200 2807
[24/Feb/2026 07:43:57] "POST /api/get-expenses/ HTTP/1.1" 200 2807
[24/Feb/2026 07:44:33] "POST /api/get-expenses/ HTTP/1.1" 200 2807
[24/Feb/2026 07:44:45] "POST /api/get-expenses/ HTTP/1.1" 200 2807
[24/Feb/2026 07:45:41] "OPTIONS /api/request-statement/ HTTP/1.1" 200 0
Internal Server Error: /api/request-statement/
[24/Feb/2026 07:45:41] "POST /api/request-statement/ HTTP/1.1" 500 33
Internal Server Error: /api/request-statement/
[24/Feb/2026 07:45:52] "POST /api/request-statement/ HTTP/1.1" 500 33
[24/Feb/2026 08:43:10] "OPTIONS /api/request-statement/ HTTP/1.1" 200 0
[24/Feb/2026 08:43:14] "POST /api/request-statement/ HTTP/1.1" 200 43
[24/Feb/2026 08:43:19] "OPTIONS /api/get-expenses/ HTTP/1.1" 200 0
[24/Feb/2026 08:43:19] "POST /api/get-expenses/ HTTP/1.1" 200 2807
[24/Feb/2026 08:45:24] "POST /api/get-expenses/ HTTP/1.1" 200 2807
[24/Feb/2026 08:45:42] "POST /api/get-expenses/ HTTP/1.1" 200 2807
[24/Feb/2026 08:47:15] "POST /api/get-expenses/ HTTP/1.1" 200 2807
[24/Feb/2026 08:47:16] "POST /api/get-expenses/ HTTP/1.1" 200 2807
[24/Feb/2026 09:00:45] "OPTIONS /api/get-expenses/ HTTP/1.1" 200 0
[24/Feb/2026 09:00:45] "POST /api/get-expenses/ HTTP/1.1" 200 2807
[24/Feb/2026 09:10:45] "POST /api/get-expenses/ HTTP/1.1" 200 2807
[24/Feb/2026 09:11:39] "OPTIONS /api/get-expenses/ HTTP/1.1" 200 0
[24/Feb/2026 09:11:39] "POST /api/get-expenses/ HTTP/1.1" 200 2807
[24/Feb/2026 09:11:52] "POST /api/get-expenses/ HTTP/1.1" 200 2807
[24/Feb/2026 09:16:13] "OPTIONS /api/login/ HTTP/1.1" 200 0
[24/Feb/2026 09:16:14] "POST /api/login/ HTTP/1.1" 200 31
[24/Feb/2026 09:16:14] "POST /api/get-expenses/ HTTP/1.1" 200 2807
[24/Feb/2026 09:17:47] "POST /api/get-expenses/ HTTP/1.1" 200 2807
[24/Feb/2026 09:19:03] "POST /api/get-expenses/ HTTP/1.1" 200 2807
[24/Feb/2026 09:20:12] "POST /api/get-expenses/ HTTP/1.1" 200 2807
[24/Feb/2026 09:20:17] "POST /api/get-expenses/ HTTP/1.1" 200 2807
[24/Feb/2026 09:20:27] "POST /api/get-expenses/ HTTP/1.1" 200 2807
[24/Feb/2026 09:21:08] "POST /api/get-expenses/ HTTP/1.1" 200 2807
[24/Feb/2026 09:21:09] "POST /api/get-expenses/ HTTP/1.1" 200 2807
[24/Feb/2026 09:21:14] "POST /api/get-expenses/ HTTP/1.1" 200 2807
[24/Feb/2026 09:21:15] "POST /api/get-expenses/ HTTP/1.1" 200 2807
[24/Feb/2026 09:21:20] "POST /api/get-expenses/ HTTP/1.1" 200 2807
[24/Feb/2026 09:21:24] "POST /api/get-expenses/ HTTP/1.1" 200 2807
[24/Feb/2026 09:26:24] "OPTIONS /api/get-expenses/ HTTP/1.1" 200 0
[24/Feb/2026 09:26:24] "POST /api/get-expenses/ HTTP/1.1" 200 2807
[24/Feb/2026 09:26:37] "POST /api/get-expenses/ HTTP/1.1" 200 2807
[24/Feb/2026 09:26:43] "POST /api/get-expenses/ HTTP/1.1" 200 2807
[24/Feb/2026 09:26:46] "POST /api/get-expenses/ HTTP/1.1" 200 2807
[24/Feb/2026 09:27:31] "POST /api/get-expenses/ HTTP/1.1" 200 2807
[24/Feb/2026 09:27:44] "POST /api/get-expenses/ HTTP/1.1" 200 2807
[24/Feb/2026 09:27:48] "POST /api/get-expenses/ HTTP/1.1" 200 2807
Not Found: /api/goals/
[25/Feb/2026 03:32:00] "GET /api/goals/?username=shreya1 HTTP/1.1" 404 3059
[25/Feb/2026 03:32:54] "OPTIONS /api/goals/add/ HTTP/1.1" 200 0
Not Found: /api/goals/add/
[25/Feb/2026 03:32:54] "POST /api/goals/add/ HTTP/1.1" 404 3055
[25/Feb/2026 03:36:40] "OPTIONS /api/get-expenses/ HTTP/1.1" 200 0
[25/Feb/2026 03:36:40] "POST /api/get-expenses/ HTTP/1.1" 200 3440
[25/Feb/2026 03:38:40] "POST /api/get-expenses/ HTTP/1.1" 200 3440
[25/Feb/2026 03:42:47] "POST /api/get-expenses/ HTTP/1.1" 200 3440
[25/Feb/2026 03:43:16] "OPTIONS /api/login/ HTTP/1.1" 200 0
[25/Feb/2026 03:43:16] "POST /api/login/ HTTP/1.1" 200 31
[25/Feb/2026 03:43:16] "POST /api/get-expenses/ HTTP/1.1" 200 3440
Not Found: /api/goals/
[25/Feb/2026 04:06:23] "GET /api/goals/?username=shreya1 HTTP/1.1" 404 3059
[25/Feb/2026 04:06:47] "OPTIONS /api/goals/add/ HTTP/1.1" 200 0
Not Found: /api/goals/add/
[25/Feb/2026 04:06:47] "POST /api/goals/add/ HTTP/1.1" 404 3055
Not Found: /api/goals/add/
[25/Feb/2026 04:06:48] "POST /api/goals/add/ HTTP/1.1" 404 3055
Not Found: /api/goals/add/
[25/Feb/2026 04:06:51] "POST /api/goals/add/ HTTP/1.1" 404 3055
Not Found: /api/goals/add/
[25/Feb/2026 04:06:51] "POST /api/goals/add/ HTTP/1.1" 404 3055
[25/Feb/2026 04:07:26] "OPTIONS /api/get-expenses/ HTTP/1.1" 200 0
[25/Feb/2026 04:07:26] "POST /api/get-expenses/ HTTP/1.1" 200 3440
Not Found: /api/goals/add/
[25/Feb/2026 04:07:28] "POST /api/goals/add/ HTTP/1.1" 404 3055
[25/Feb/2026 04:07:32] "POST /api/get-expenses/ HTTP/1.1" 200 3440
Not Found: /api/goals/
[25/Feb/2026 04:07:44] "GET /api/goals/?username=kuhu HTTP/1.1" 404 3056
